<?xml version="1.0" encoding="UTF-8"?>
<!-- Generated by org.testng.reporters.JUnitXMLReporter -->
<testsuite ignored="0" hostname="LAPTOP-A03C49Q0" failures="0" tests="2" name="Default test" time="0.089" errors="0" timestamp="2022-02-11T23:48:21 IST">
  <testcase classname="test.RedtestNG" name="@BeforeTest beforetest" time="-1.644603501127E9">
    <failure type="org.testng.TestNGException" message="
Parameter &amp;apos;browser&amp;apos; is required by BeforeTest on method beforetest but has not been marked @Optional or defined
in C:\Users\HP\AppData\Local\Temp\testng-eclipse--1205334353\testng-customsuite.xml">
      <![CDATA[org.testng.TestNGException: 
Parameter 'browser' is required by BeforeTest on method beforetest but has not been marked @Optional or defined
in C:\Users\HP\AppData\Local\Temp\testng-eclipse--1205334353\testng-customsuite.xml
at org.testng.internal.Parameters.createParams(Parameters.java:270)
at org.testng.internal.Parameters.createParametersForMethod(Parameters.java:358)
at org.testng.internal.Parameters.createParameters(Parameters.java:700)
at org.testng.internal.Parameters.createConfigurationParameters(Parameters.java:168)
at org.testng.internal.ConfigInvoker.invokeConfigurations(ConfigInvoker.java:302)
at org.testng.TestRunner.invokeTestConfigurations(TestRunner.java:637)
at org.testng.TestRunner.beforeRun(TestRunner.java:627)
at org.testng.TestRunner.run(TestRunner.java:589)
at org.testng.SuiteRunner.runTest(SuiteRunner.java:377)
at org.testng.SuiteRunner.runSequentially(SuiteRunner.java:371)
at org.testng.SuiteRunner.privateRun(SuiteRunner.java:332)
at org.testng.SuiteRunner.run(SuiteRunner.java:276)
at org.testng.SuiteRunnerWorker.runSuite(SuiteRunnerWorker.java:53)
at org.testng.SuiteRunnerWorker.run(SuiteRunnerWorker.java:96)
at org.testng.TestNG.runSuitesSequentially(TestNG.java:1212)
at org.testng.TestNG.runSuitesLocally(TestNG.java:1134)
at org.testng.TestNG.runSuites(TestNG.java:1063)
at org.testng.TestNG.run(TestNG.java:1031)
at org.testng.remote.AbstractRemoteTestNG.run(AbstractRemoteTestNG.java:115)
at org.testng.remote.RemoteTestNG.initAndRun(RemoteTestNG.java:251)
at org.testng.remote.RemoteTestNG.main(RemoteTestNG.java:77)
]]>
    </failure>
  </testcase> <!-- @BeforeTest beforetest -->
  <testcase classname="test.RedtestNG" name="@BeforeClass beforeClass1" time="-1.644603501167E9">
    <skipped/>
  </testcase> <!-- @BeforeClass beforeClass1 -->
  <testcase classname="test.RedtestNG" name="@BeforeMethod beforeMethod1" time="-1.644603501184E9">
    <skipped/>
  </testcase> <!-- @BeforeMethod beforeMethod1 -->
  <testcase classname="test.RedtestNG" name="@AfterMethod afterMethod1" time="-1.644603501193E9">
    <skipped/>
  </testcase> <!-- @AfterMethod afterMethod1 -->
  <testcase classname="test.RedtestNG" name="@BeforeMethod beforeMethod1" time="-1.644603501196E9">
    <skipped/>
  </testcase> <!-- @BeforeMethod beforeMethod1 -->
  <testcase classname="test.RedtestNG" name="@AfterMethod afterMethod1" time="-1.644603501201E9">
    <skipped/>
  </testcase> <!-- @AfterMethod afterMethod1 -->
  <testcase classname="test.RedtestNG" name="@AfterClass afterClass1" time="-1.644603501203E9">
    <skipped/>
  </testcase> <!-- @AfterClass afterClass1 -->
  <testcase classname="test.RedtestNG" name="@AfterTest aftertest1" time="-1.644603501207E9">
    <skipped/>
  </testcase> <!-- @AfterTest aftertest1 -->
  <testcase classname="test.RedtestNG" name="test1" time="0.0">
    <skipped/>
  </testcase> <!-- test1 -->
  <testcase classname="test.RedtestNG" name="test2" time="0.0">
    <skipped/>
  </testcase> <!-- test2 -->
</testsuite> <!-- Default test -->
